This file contains any messages produced by compilers while
running configure, to aid debugging if configure makes a mistake.

It was created by configure, which was
generated by GNU Autoconf 2.69.  Invocation command line was

  $ ./configure --enable-phalcon

## --------- ##
## Platform. ##
## --------- ##

hostname = Kristian.home
uname -m = x86_64
uname -r = 17.7.0
uname -s = Darwin
uname -v = Darwin Kernel Version 17.7.0: Fri Nov  2 20:43:16 PDT 2018; root:xnu-4570.71.17~1/RELEASE_X86_64

/usr/bin/uname -p = i386
/bin/uname -X     = unknown

/bin/arch              = unknown
/usr/bin/arch -k       = unknown
/usr/convex/getsysinfo = unknown
/usr/bin/hostinfo      = Mach kernel version:
	 Darwin Kernel Version 17.7.0: Fri Nov  2 20:43:16 PDT 2018; root:xnu-4570.71.17~1/RELEASE_X86_64
Kernel configured for up to 8 processors.
4 processors are physically available.
8 processors are logically available.
Processor type: x86_64h (Intel x86-64h Haswell)
Processors active: 0 1 2 3 4 5 6 7
Primary memory available: 16.00 gigabytes
Default processor set: 365 tasks, 1842 threads, 8 processors
Load average: 2.16, Mach factor: 5.82
/bin/machine           = unknown
/usr/bin/oslevel       = unknown
/bin/universe          = unknown

PATH: /Users/kristian/.npm-packages/bin
PATH: /usr/local/opt/php@7.1/bin
PATH: /usr/local/opt/php@7.1/sbin
PATH: /usr/local/opt/php@7.1/bin
PATH: /user/local/bin
PATH: /user/local/bin/pear
PATH: /usr/local/opt/php@7.1/sbin
PATH: /usr/local/sbin
PATH: /usr/local/bin
PATH: /usr/bin
PATH: /bin
PATH: /usr/sbin
PATH: /sbin


## ----------- ##
## Core tests. ##
## ----------- ##

configure:2346: checking for grep that handles long lines and -e
configure:2404: result: /usr/bin/grep
configure:2409: checking for egrep
configure:2471: result: /usr/bin/grep -E
configure:2476: checking for a sed that does not truncate output
configure:2530: result: /usr/bin/sed
configure:2725: checking for C compiler version
configure:2734: gcc --version >&5
Apple LLVM version 10.0.0 (clang-1000.11.45.5)
Target: x86_64-apple-darwin17.7.0
Thread model: posix
InstalledDir: /Applications/Xcode.app/Contents/Developer/Toolchains/XcodeDefault.xctoolchain/usr/bin
Configured with: --prefix=/Applications/Xcode.app/Contents/Developer/usr --with-gxx-include-dir=/usr/include/c++/4.2.1
configure:2745: $? = 0
configure:2734: gcc -v >&5
Configured with: --prefix=/Applications/Xcode.app/Contents/Developer/usr --with-gxx-include-dir=/usr/include/c++/4.2.1
Apple LLVM version 10.0.0 (clang-1000.11.45.5)
Target: x86_64-apple-darwin17.7.0
Thread model: posix
InstalledDir: /Applications/Xcode.app/Contents/Developer/Toolchains/XcodeDefault.xctoolchain/usr/bin
configure:2745: $? = 0
configure:2734: gcc -V >&5
clang: error: argument to '-V' is missing (expected 1 value)
clang: error: no input files
configure:2745: $? = 1
configure:2734: gcc -qversion >&5
clang: error: unknown argument: '-qversion'
clang: error: no input files
configure:2745: $? = 1
configure:2765: checking whether the C compiler works
configure:2787: gcc -march=native -mtune=native -O2 -finline-functions -fomit-frame-pointer -fvisibility=hidden -DPHALCON_RELEASE  conftest.c  >&5
configure:2791: $? = 0
configure:2839: result: yes
configure:2842: checking for C compiler default output file name
configure:2844: result: a.out
configure:2850: checking for suffix of executables
configure:2857: gcc -o conftest -march=native -mtune=native -O2 -finline-functions -fomit-frame-pointer -fvisibility=hidden -DPHALCON_RELEASE  conftest.c  >&5
configure:2861: $? = 0
configure:2883: result: 
configure:2905: checking whether we are cross compiling
configure:2913: gcc -o conftest -march=native -mtune=native -O2 -finline-functions -fomit-frame-pointer -fvisibility=hidden -DPHALCON_RELEASE  conftest.c  >&5
configure:2917: $? = 0
configure:2924: ./conftest
configure:2928: $? = 0
configure:2943: result: no
configure:2948: checking for suffix of object files
configure:2970: gcc -c -march=native -mtune=native -O2 -finline-functions -fomit-frame-pointer -fvisibility=hidden -DPHALCON_RELEASE conftest.c >&5
configure:2974: $? = 0
configure:2995: result: o
configure:2999: checking whether we are using the GNU C compiler
configure:3018: gcc -c -march=native -mtune=native -O2 -finline-functions -fomit-frame-pointer -fvisibility=hidden -DPHALCON_RELEASE conftest.c >&5
configure:3018: $? = 0
configure:3027: result: yes
configure:3036: checking whether gcc accepts -g
configure:3056: gcc -c -g -DPHALCON_RELEASE conftest.c >&5
configure:3056: $? = 0
configure:3097: result: yes
configure:3114: checking for gcc option to accept ISO C89
configure:3177: gcc  -c -march=native -mtune=native -O2 -finline-functions -fomit-frame-pointer -fvisibility=hidden -DPHALCON_RELEASE conftest.c >&5
configure:3177: $? = 0
configure:3190: result: none needed
configure:3216: checking how to run the C preprocessor
configure:3247: gcc -E -DPHALCON_RELEASE conftest.c
configure:3247: $? = 0
configure:3261: gcc -E -DPHALCON_RELEASE conftest.c
conftest.c:9:10: fatal error: 'ac_nonexistent.h' file not found
#include <ac_nonexistent.h>
         ^~~~~~~~~~~~~~~~~~
1 error generated.
configure:3261: $? = 1
configure: failed program was:
| /* confdefs.h */
| #define PACKAGE_NAME ""
| #define PACKAGE_TARNAME ""
| #define PACKAGE_VERSION ""
| #define PACKAGE_STRING ""
| #define PACKAGE_BUGREPORT ""
| #define PACKAGE_URL ""
| /* end confdefs.h.  */
| #include <ac_nonexistent.h>
configure:3286: result: gcc -E
configure:3306: gcc -E -DPHALCON_RELEASE conftest.c
configure:3306: $? = 0
configure:3320: gcc -E -DPHALCON_RELEASE conftest.c
conftest.c:9:10: fatal error: 'ac_nonexistent.h' file not found
#include <ac_nonexistent.h>
         ^~~~~~~~~~~~~~~~~~
1 error generated.
configure:3320: $? = 1
configure: failed program was:
| /* confdefs.h */
| #define PACKAGE_NAME ""
| #define PACKAGE_TARNAME ""
| #define PACKAGE_VERSION ""
| #define PACKAGE_STRING ""
| #define PACKAGE_BUGREPORT ""
| #define PACKAGE_URL ""
| /* end confdefs.h.  */
| #include <ac_nonexistent.h>
configure:3351: checking for icc
configure:3360: result: no
configure:3374: checking for suncc
configure:3383: result: no
configure:3398: checking whether gcc and cc understand -c and -o together
configure:3429: gcc -c conftest.c -o conftest2.o >&5
configure:3433: $? = 0
configure:3439: gcc -c conftest.c -o conftest2.o >&5
configure:3443: $? = 0
configure:3454: cc -c conftest.c >&5
configure:3458: $? = 0
configure:3466: cc -c conftest.c -o conftest2.o >&5
configure:3470: $? = 0
configure:3476: cc -c conftest.c -o conftest2.o >&5
configure:3480: $? = 0
configure:3498: result: yes
configure:3512: checking for system library directory
configure:3527: result: lib
configure:3534: checking if compiler supports -R
configure:3553: gcc -o conftest -march=native -mtune=native -O2 -finline-functions -fomit-frame-pointer -fvisibility=hidden -DPHALCON_RELEASE  conftest.c -R /usr/lib  >&5
warning: unknown remark option '-R' [-Wunknown-warning-option]
1 warning generated.
ld: can't map file, errno=22 file '/usr/lib' for architecture x86_64
clang: error: linker command failed with exit code 1 (use -v to see invocation)
configure:3553: $? = 1
configure: failed program was:
| /* confdefs.h */
| #define PACKAGE_NAME ""
| #define PACKAGE_TARNAME ""
| #define PACKAGE_VERSION ""
| #define PACKAGE_STRING ""
| #define PACKAGE_BUGREPORT ""
| #define PACKAGE_URL ""
| /* end confdefs.h.  */
| 
| int
| main ()
| {
| 
|   ;
|   return 0;
| }
configure:3563: result: no
configure:3568: checking if compiler supports -Wl,-rpath,
configure:3587: gcc -o conftest -march=native -mtune=native -O2 -finline-functions -fomit-frame-pointer -fvisibility=hidden -DPHALCON_RELEASE  conftest.c -Wl,-rpath,/usr/lib  >&5
configure:3587: $? = 0
configure:3597: result: yes
configure:3642: checking build system type
configure:3656: result: x86_64-apple-darwin17.7.0
configure:3676: checking host system type
configure:3689: result: x86_64-apple-darwin17.7.0
configure:3709: checking target system type
configure:3722: result: x86_64-apple-darwin17.7.0
configure:3825: checking for PHP prefix
configure:3827: result: /usr/local/Cellar/php@7.1/7.1.18
configure:3829: checking for PHP includes
configure:3831: result: -I/usr/local/Cellar/php@7.1/7.1.18/include/php -I/usr/local/Cellar/php@7.1/7.1.18/include/php/main -I/usr/local/Cellar/php@7.1/7.1.18/include/php/TSRM -I/usr/local/Cellar/php@7.1/7.1.18/include/php/Zend -I/usr/local/Cellar/php@7.1/7.1.18/include/php/ext -I/usr/local/Cellar/php@7.1/7.1.18/include/php/ext/date/lib
configure:3833: checking for PHP extension directory
configure:3835: result: /usr/local/Cellar/php@7.1/7.1.18/pecl/20160303
configure:3837: checking for PHP installed headers prefix
configure:3839: result: /usr/local/Cellar/php@7.1/7.1.18/include/php
configure:3842: checking if debug is enabled
configure:3868: result: no
configure:3871: checking if zts is enabled
configure:3897: result: no
configure:3968: checking for re2c
configure:3998: result: no
configure:4023: WARNING: You will need re2c 0.13.4 or later if you want to regenerate PHP parsers.
configure:4037: checking for gawk
configure:4068: result: no
configure:4037: checking for nawk
configure:4068: result: no
configure:4037: checking for awk
configure:4054: found /usr/bin/awk
configure:4065: result: awk
configure:4088: checking if awk is broken
configure:4095: result: no
configure:4108: checking whether to enable phalcon framework
configure:4147: result: yes, shared
configure:4155: checking wheter to enable non-free css and js minifier
configure:4170: result: yes
configure:4176: checking Include non-free minifiers
configure:4182: result: yes, css and js
configure:4507: checking whether byte ordering is bigendian
configure:4533: gcc -o conftest -march=native -mtune=native -O2 -finline-functions -fomit-frame-pointer -fvisibility=hidden -DPHALCON_RELEASE  conftest.c  >&5
configure:4533: $? = 0
configure:4533: ./conftest
configure:4533: $? = 1
configure: program exited with status 1
configure: failed program was:
| /* confdefs.h */
| #define PACKAGE_NAME ""
| #define PACKAGE_TARNAME ""
| #define PACKAGE_VERSION ""
| #define PACKAGE_STRING ""
| #define PACKAGE_BUGREPORT ""
| #define PACKAGE_URL ""
| #define PHALCON_NON_FREE 1
| #define HAVE_PHALCON 1
| #define COMPILE_DL_PHALCON 1
| /* end confdefs.h.  */
| 
| int main(void)
| {
|   short one = 1;
|   char *cp = (char *)&one;
| 
|   if (*cp == 0) {
|     return(0);
|   } else {
|     return(1);
|   }
| }
| 
configure:4544: result: no
configure:4558: checking for ext/igbinary/igbinary.h
configure:4558: gcc -c -march=native -mtune=native -O2 -finline-functions -fomit-frame-pointer -fvisibility=hidden -DPHALCON_RELEASE -I/usr/local/Cellar/php@7.1/7.1.18/include/php -I/usr/local/Cellar/php@7.1/7.1.18/include/php/main -I/usr/local/Cellar/php@7.1/7.1.18/include/php/TSRM -I/usr/local/Cellar/php@7.1/7.1.18/include/php/Zend -I/usr/local/Cellar/php@7.1/7.1.18/include/php/ext -I/usr/local/Cellar/php@7.1/7.1.18/include/php/ext/date/lib conftest.c >&5
conftest.c:15:10: fatal error: 'ext/igbinary/igbinary.h' file not found
#include <ext/igbinary/igbinary.h>
         ^~~~~~~~~~~~~~~~~~~~~~~~~
1 error generated.
configure:4558: $? = 1
configure: failed program was:
| /* confdefs.h */
| #define PACKAGE_NAME ""
| #define PACKAGE_TARNAME ""
| #define PACKAGE_VERSION ""
| #define PACKAGE_STRING ""
| #define PACKAGE_BUGREPORT ""
| #define PACKAGE_URL ""
| #define PHALCON_NON_FREE 1
| #define HAVE_PHALCON 1
| #define COMPILE_DL_PHALCON 1
| /* end confdefs.h.  */
| #include "main/php.h"
| 
| 
| #include <ext/igbinary/igbinary.h>
configure:4558: result: no
configure:4594: checking whether HAVE_BUNDLED_PCRE is declared
configure:4594: gcc -c -march=native -mtune=native -O2 -finline-functions -fomit-frame-pointer -fvisibility=hidden -DPHALCON_RELEASE -I/usr/local/Cellar/php@7.1/7.1.18/include/php -I/usr/local/Cellar/php@7.1/7.1.18/include/php/main -I/usr/local/Cellar/php@7.1/7.1.18/include/php/TSRM -I/usr/local/Cellar/php@7.1/7.1.18/include/php/Zend -I/usr/local/Cellar/php@7.1/7.1.18/include/php/ext -I/usr/local/Cellar/php@7.1/7.1.18/include/php/ext/date/lib conftest.c >&5
configure:4594: $? = 0
configure:4594: result: yes
configure:4601: checking for ext/pcre/php_pcre.h
configure:4601: gcc -c -march=native -mtune=native -O2 -finline-functions -fomit-frame-pointer -fvisibility=hidden -DPHALCON_RELEASE -I/usr/local/Cellar/php@7.1/7.1.18/include/php -I/usr/local/Cellar/php@7.1/7.1.18/include/php/main -I/usr/local/Cellar/php@7.1/7.1.18/include/php/TSRM -I/usr/local/Cellar/php@7.1/7.1.18/include/php/Zend -I/usr/local/Cellar/php@7.1/7.1.18/include/php/ext -I/usr/local/Cellar/php@7.1/7.1.18/include/php/ext/date/lib conftest.c >&5
configure:4601: $? = 0
configure:4601: result: yes
configure:4642: checking for ext/json/php_json.h
configure:4642: gcc -c -march=native -mtune=native -O2 -finline-functions -fomit-frame-pointer -fvisibility=hidden -DPHALCON_RELEASE -I/usr/local/Cellar/php@7.1/7.1.18/include/php -I/usr/local/Cellar/php@7.1/7.1.18/include/php/main -I/usr/local/Cellar/php@7.1/7.1.18/include/php/TSRM -I/usr/local/Cellar/php@7.1/7.1.18/include/php/Zend -I/usr/local/Cellar/php@7.1/7.1.18/include/php/ext -I/usr/local/Cellar/php@7.1/7.1.18/include/php/ext/date/lib conftest.c >&5
configure:4642: $? = 0
configure:4642: result: yes
configure:4679: checking whether HAVE_PHP_SESSION is declared
configure:4679: gcc -c -march=native -mtune=native -O2 -finline-functions -fomit-frame-pointer -fvisibility=hidden -DPHALCON_RELEASE -I/usr/local/Cellar/php@7.1/7.1.18/include/php -I/usr/local/Cellar/php@7.1/7.1.18/include/php/main -I/usr/local/Cellar/php@7.1/7.1.18/include/php/TSRM -I/usr/local/Cellar/php@7.1/7.1.18/include/php/Zend -I/usr/local/Cellar/php@7.1/7.1.18/include/php/ext -I/usr/local/Cellar/php@7.1/7.1.18/include/php/ext/date/lib conftest.c >&5
configure:4679: $? = 0
configure:4679: result: yes
configure:4686: checking for ext/session/php_session.h
configure:4686: gcc -c -march=native -mtune=native -O2 -finline-functions -fomit-frame-pointer -fvisibility=hidden -DPHALCON_RELEASE -I/usr/local/Cellar/php@7.1/7.1.18/include/php -I/usr/local/Cellar/php@7.1/7.1.18/include/php/main -I/usr/local/Cellar/php@7.1/7.1.18/include/php/TSRM -I/usr/local/Cellar/php@7.1/7.1.18/include/php/Zend -I/usr/local/Cellar/php@7.1/7.1.18/include/php/ext -I/usr/local/Cellar/php@7.1/7.1.18/include/php/ext/date/lib conftest.c >&5
configure:4686: $? = 0
configure:4686: result: yes
configure:4725: checking whether HAVE_HASH_EXT is declared
configure:4725: gcc -c -march=native -mtune=native -O2 -finline-functions -fomit-frame-pointer -fvisibility=hidden -DPHALCON_RELEASE -I/usr/local/Cellar/php@7.1/7.1.18/include/php -I/usr/local/Cellar/php@7.1/7.1.18/include/php/main -I/usr/local/Cellar/php@7.1/7.1.18/include/php/TSRM -I/usr/local/Cellar/php@7.1/7.1.18/include/php/Zend -I/usr/local/Cellar/php@7.1/7.1.18/include/php/ext -I/usr/local/Cellar/php@7.1/7.1.18/include/php/ext/date/lib conftest.c >&5
configure:4725: $? = 0
configure:4725: result: yes
configure:4732: checking for ext/hash/php_hash.h
configure:4732: gcc -c -march=native -mtune=native -O2 -finline-functions -fomit-frame-pointer -fvisibility=hidden -DPHALCON_RELEASE -I/usr/local/Cellar/php@7.1/7.1.18/include/php -I/usr/local/Cellar/php@7.1/7.1.18/include/php/main -I/usr/local/Cellar/php@7.1/7.1.18/include/php/TSRM -I/usr/local/Cellar/php@7.1/7.1.18/include/php/Zend -I/usr/local/Cellar/php@7.1/7.1.18/include/php/ext -I/usr/local/Cellar/php@7.1/7.1.18/include/php/ext/date/lib conftest.c >&5
configure:4732: $? = 0
configure:4732: result: yes
configure:4784: checking whether to include code coverage symbols
configure:4798: result: no
configure:5055: checking for ld used by gcc
configure:5122: result: /Applications/Xcode.app/Contents/Developer/Toolchains/XcodeDefault.xctoolchain/usr/bin/ld
configure:5129: checking if the linker (/Applications/Xcode.app/Contents/Developer/Toolchains/XcodeDefault.xctoolchain/usr/bin/ld) is GNU ld
configure:5144: result: no
configure:5149: checking for /Applications/Xcode.app/Contents/Developer/Toolchains/XcodeDefault.xctoolchain/usr/bin/ld option to reload object files
configure:5156: result: -r
configure:5174: checking for BSD-compatible nm
configure:5223: result: /usr/bin/nm -B
configure:5227: checking whether ln -s works
configure:5231: result: yes
configure:5238: checking how to recognize dependent libraries
configure:5424: result: pass_all
configure:5642: checking for ANSI C header files
configure:5662: gcc -c -march=native -mtune=native -O2 -finline-functions -fomit-frame-pointer -fvisibility=hidden -DPHALCON_RELEASE conftest.c >&5
configure:5662: $? = 0
configure:5735: gcc -o conftest -march=native -mtune=native -O2 -finline-functions -fomit-frame-pointer -fvisibility=hidden -DPHALCON_RELEASE  conftest.c  >&5
configure:5735: $? = 0
configure:5735: ./conftest
configure:5735: $? = 0
configure:5746: result: yes
configure:5759: checking for sys/types.h
configure:5759: gcc -c -march=native -mtune=native -O2 -finline-functions -fomit-frame-pointer -fvisibility=hidden -DPHALCON_RELEASE conftest.c >&5
configure:5759: $? = 0
configure:5759: result: yes
configure:5759: checking for sys/stat.h
configure:5759: gcc -c -march=native -mtune=native -O2 -finline-functions -fomit-frame-pointer -fvisibility=hidden -DPHALCON_RELEASE conftest.c >&5
configure:5759: $? = 0
configure:5759: result: yes
configure:5759: checking for stdlib.h
configure:5759: gcc -c -march=native -mtune=native -O2 -finline-functions -fomit-frame-pointer -fvisibility=hidden -DPHALCON_RELEASE conftest.c >&5
configure:5759: $? = 0
configure:5759: result: yes
configure:5759: checking for string.h
configure:5759: gcc -c -march=native -mtune=native -O2 -finline-functions -fomit-frame-pointer -fvisibility=hidden -DPHALCON_RELEASE conftest.c >&5
configure:5759: $? = 0
configure:5759: result: yes
configure:5759: checking for memory.h
configure:5759: gcc -c -march=native -mtune=native -O2 -finline-functions -fomit-frame-pointer -fvisibility=hidden -DPHALCON_RELEASE conftest.c >&5
configure:5759: $? = 0
configure:5759: result: yes
configure:5759: checking for strings.h
configure:5759: gcc -c -march=native -mtune=native -O2 -finline-functions -fomit-frame-pointer -fvisibility=hidden -DPHALCON_RELEASE conftest.c >&5
configure:5759: $? = 0
configure:5759: result: yes
configure:5759: checking for inttypes.h
configure:5759: gcc -c -march=native -mtune=native -O2 -finline-functions -fomit-frame-pointer -fvisibility=hidden -DPHALCON_RELEASE conftest.c >&5
configure:5759: $? = 0
configure:5759: result: yes
configure:5759: checking for stdint.h
configure:5759: gcc -c -march=native -mtune=native -O2 -finline-functions -fomit-frame-pointer -fvisibility=hidden -DPHALCON_RELEASE conftest.c >&5
configure:5759: $? = 0
configure:5759: result: yes
configure:5759: checking for unistd.h
configure:5759: gcc -c -march=native -mtune=native -O2 -finline-functions -fomit-frame-pointer -fvisibility=hidden -DPHALCON_RELEASE conftest.c >&5
configure:5759: $? = 0
configure:5759: result: yes
configure:5773: checking dlfcn.h usability
configure:5773: gcc -c -march=native -mtune=native -O2 -finline-functions -fomit-frame-pointer -fvisibility=hidden -DPHALCON_RELEASE conftest.c >&5
configure:5773: $? = 0
configure:5773: result: yes
configure:5773: checking dlfcn.h presence
configure:5773: gcc -E -DPHALCON_RELEASE conftest.c
configure:5773: $? = 0
configure:5773: result: yes
configure:5773: checking for dlfcn.h
configure:5773: result: yes
configure:5795: checking the maximum length of command line arguments
configure:5907: result: 196608
configure:5919: checking command to parse /usr/bin/nm -B output from gcc object
configure:6024: gcc -c -march=native -mtune=native -O2 -finline-functions -fomit-frame-pointer -fvisibility=hidden -DPHALCON_RELEASE conftest.c >&5
configure:6027: $? = 0
configure:6031: /usr/bin/nm -B conftest.o \| sed -n -e 's/^.*[ 	]\([BCDEGRST][BCDEGRST]*\)[ 	][ 	]*\([_A-Za-z][_A-Za-z0-9]*\)$/\1 \2 \2/p' \> conftest.nm
configure:6034: $? = 0
cannot find nm_test_var in conftest.nm
configure:6024: gcc -c -march=native -mtune=native -O2 -finline-functions -fomit-frame-pointer -fvisibility=hidden -DPHALCON_RELEASE conftest.c >&5
configure:6027: $? = 0
configure:6031: /usr/bin/nm -B conftest.o \| sed -n -e 's/^.*[ 	]\([BCDEGRST][BCDEGRST]*\)[ 	][ 	]*_\([_A-Za-z][_A-Za-z0-9]*\)$/\1 _\2 \2/p' \> conftest.nm
configure:6034: $? = 0
configure:6086: gcc -o conftest -march=native -mtune=native -O2 -finline-functions -fomit-frame-pointer -fvisibility=hidden -DPHALCON_RELEASE  conftest.c conftstm.o >&5
configure:6089: $? = 0
configure:6127: result: ok
configure:6131: checking for objdir
configure:6146: result: .libs
configure:6238: checking for ar
configure:6254: found /usr/bin/ar
configure:6265: result: ar
configure:6330: checking for ranlib
configure:6346: found /usr/bin/ranlib
configure:6357: result: ranlib
configure:6422: checking for strip
configure:6438: found /usr/bin/strip
configure:6449: result: strip
configure:6702: checking for dsymutil
configure:6718: found /usr/bin/dsymutil
configure:6729: result: dsymutil
configure:6794: checking for nmedit
configure:6810: found /usr/bin/nmedit
configure:6821: result: nmedit
configure:6844: checking for -single_module linker flag
configure:6865: result: yes
configure:6867: checking for -exported_symbols_list linker flag
configure:6883: gcc -o conftest -march=native -mtune=native -O2 -finline-functions -fomit-frame-pointer -fvisibility=hidden -DPHALCON_RELEASE  -Wl,-exported_symbols_list,conftest.sym conftest.c  >&5
ld: warning: cannot export hidden symbol _main from /var/folders/y9/875gxv517rjddnxz504xsrkw0000gp/T/conftest-63d654.o
configure:6886: $? = 0
configure:6900: result: yes
configure:7018: checking if gcc supports -fno-rtti -fno-exceptions
configure:7036: gcc -c -march=native -mtune=native -O2 -finline-functions -fomit-frame-pointer -fvisibility=hidden -DPHALCON_RELEASE -fno-rtti -fno-exceptions conftest.c >&5
configure:7040: $? = 0
configure:7053: result: yes
configure:7068: checking for gcc option to produce PIC
configure:7308: result: -fno-common
configure:7316: checking if gcc PIC flag -fno-common works
configure:7334: gcc -c -march=native -mtune=native -O2 -finline-functions -fomit-frame-pointer -fvisibility=hidden -DPHALCON_RELEASE -fno-common -DPIC conftest.c >&5
configure:7338: $? = 0
configure:7351: result: yes
configure:7379: checking if gcc static flag -static works
configure:7407: result: no
configure:7417: checking if gcc supports -c -o file.o
configure:7438: gcc -c -march=native -mtune=native -O2 -finline-functions -fomit-frame-pointer -fvisibility=hidden -DPHALCON_RELEASE -o out/conftest2.o conftest.c >&5
configure:7442: $? = 0
configure:7464: result: yes
configure:7490: checking whether the gcc linker (/Applications/Xcode.app/Contents/Developer/Toolchains/XcodeDefault.xctoolchain/usr/bin/ld) supports shared libraries
configure:8418: result: yes
configure:8485: checking dynamic linker characteristics
configure:9083: result: darwin17.7.0 dyld
configure:9107: checking how to hardcode library paths into programs
configure:9132: result: immediate
configure:9146: checking whether stripping libraries is possible
configure:9160: result: yes
configure:9668: checking if libtool supports shared libraries
configure:9670: result: yes
configure:9673: checking whether to build shared libraries
configure:9694: result: yes
configure:9697: checking whether to build static libraries
configure:9701: result: no
configure:9796: result:
creating libtool
configure:13495: creating ./config.status

## ---------------------- ##
## Running config.status. ##
## ---------------------- ##

This file was extended by config.status, which was
generated by GNU Autoconf 2.69.  Invocation command line was

  CONFIG_FILES    = 
  CONFIG_HEADERS  = 
  CONFIG_LINKS    = 
  CONFIG_COMMANDS = 
  $ ./config.status 

on Kristian.home

config.status:686: creating config.h

## ---------------- ##
## Cache variables. ##
## ---------------- ##

ac_cv_build=x86_64-apple-darwin17.7.0
ac_cv_c_bigendian_php=no
ac_cv_c_compiler_gnu=yes
ac_cv_env_CC_set=set
ac_cv_env_CC_value=gcc
ac_cv_env_CFLAGS_set=set
ac_cv_env_CFLAGS_value='-march=native -mtune=native -O2 -finline-functions -fomit-frame-pointer -fvisibility=hidden'
ac_cv_env_CPPFLAGS_set=set
ac_cv_env_CPPFLAGS_value=-DPHALCON_RELEASE
ac_cv_env_CPP_set=
ac_cv_env_CPP_value=
ac_cv_env_LDFLAGS_set=
ac_cv_env_LDFLAGS_value=
ac_cv_env_LIBS_set=
ac_cv_env_LIBS_value=
ac_cv_env_build_alias_set=
ac_cv_env_build_alias_value=
ac_cv_env_host_alias_set=
ac_cv_env_host_alias_value=
ac_cv_env_target_alias_set=
ac_cv_env_target_alias_value=
ac_cv_have_decl_HAVE_BUNDLED_PCRE=yes
ac_cv_have_decl_HAVE_HASH_EXT=yes
ac_cv_have_decl_HAVE_PHP_SESSION=yes
ac_cv_header_dlfcn_h=yes
ac_cv_header_ext_hash_php_hash_h=yes
ac_cv_header_ext_igbinary_igbinary_h=no
ac_cv_header_ext_json_php_json_h=yes
ac_cv_header_ext_pcre_php_pcre_h=yes
ac_cv_header_ext_session_php_session_h=yes
ac_cv_header_inttypes_h=yes
ac_cv_header_memory_h=yes
ac_cv_header_stdc=yes
ac_cv_header_stdint_h=yes
ac_cv_header_stdlib_h=yes
ac_cv_header_string_h=yes
ac_cv_header_strings_h=yes
ac_cv_header_sys_stat_h=yes
ac_cv_header_sys_types_h=yes
ac_cv_header_unistd_h=yes
ac_cv_host=x86_64-apple-darwin17.7.0
ac_cv_objext=o
ac_cv_path_EGREP='/usr/bin/grep -E'
ac_cv_path_GREP=/usr/bin/grep
ac_cv_prog_AWK=awk
ac_cv_prog_CPP='gcc -E'
ac_cv_prog_ac_ct_AR=ar
ac_cv_prog_ac_ct_DSYMUTIL=dsymutil
ac_cv_prog_ac_ct_NMEDIT=nmedit
ac_cv_prog_ac_ct_RANLIB=ranlib
ac_cv_prog_ac_ct_STRIP=strip
ac_cv_prog_cc_c89=
ac_cv_prog_cc_g=yes
ac_cv_prog_cc_gcc_c_o=yes
ac_cv_target=x86_64-apple-darwin17.7.0
lt_cv_apple_cc_single_mod=yes
lt_cv_deplibs_check_method=pass_all
lt_cv_file_magic_cmd='$MAGIC_CMD'
lt_cv_file_magic_test_file=
lt_cv_ld_exported_symbols_list=yes
lt_cv_ld_reload_flag=-r
lt_cv_objdir=.libs
lt_cv_path_LD=/Applications/Xcode.app/Contents/Developer/Toolchains/XcodeDefault.xctoolchain/usr/bin/ld
lt_cv_path_NM='/usr/bin/nm -B'
lt_cv_path_SED=/usr/bin/sed
lt_cv_prog_compiler_c_o=yes
lt_cv_prog_compiler_pic_works=yes
lt_cv_prog_compiler_rtti_exceptions=yes
lt_cv_prog_compiler_static_works=no
lt_cv_prog_gnu_ld=no
lt_cv_sys_global_symbol_pipe='sed -n -e '\''s/^.*[ 	]\([BCDEGRST][BCDEGRST]*\)[ 	][ 	]*_\([_A-Za-z][_A-Za-z0-9]*\)$/\1 _\2 \2/p'\'''
lt_cv_sys_global_symbol_to_c_name_address='sed -n -e '\''s/^: \([^ ]*\) $/  {\"\1\", (lt_ptr) 0},/p'\'' -e '\''s/^[BCDEGRST] \([^ ]*\) \([^ ]*\)$/  {"\2", (lt_ptr) \&\2},/p'\'''
lt_cv_sys_global_symbol_to_cdecl='sed -n -e '\''s/^. .* \(.*\)$/extern int \1;/p'\'''
lt_cv_sys_lib_dlsearch_path_spec='/usr/local/lib /lib /usr/lib'
lt_cv_sys_lib_search_path_spec='/Applications/Xcode.app/Contents/Developer/Toolchains/XcodeDefault.xctoolchain/usr/lib/clang/10.0.0 /usr/local/lib'
lt_cv_sys_max_cmd_len=196608
lt_lt_cv_prog_compiler_c_o='"yes"'
lt_lt_cv_sys_global_symbol_pipe='"sed -n -e '\''s/^.*[ 	]\\([BCDEGRST][BCDEGRST]*\\)[ 	][ 	]*_\\([_A-Za-z][_A-Za-z0-9]*\\)\$/\\1 _\\2 \\2/p'\''"'
lt_lt_cv_sys_global_symbol_to_c_name_address='"sed -n -e '\''s/^: \\([^ ]*\\) \$/  {\\\"\\1\\\", (lt_ptr) 0},/p'\'' -e '\''s/^[BCDEGRST] \\([^ ]*\\) \\([^ ]*\\)\$/  {\"\\2\", (lt_ptr) \\&\\2},/p'\''"'
lt_lt_cv_sys_global_symbol_to_cdecl='"sed -n -e '\''s/^. .* \\(.*\\)\$/extern int \\1;/p'\''"'
php_cv_cc_dashr=no
php_cv_cc_rpath=yes

## ----------------- ##
## Output variables. ##
## ----------------- ##

AR='ar'
AWK='awk'
CC='gcc'
CFLAGS='-march=native -mtune=native -O2 -finline-functions -fomit-frame-pointer -fvisibility=hidden'
CONFIGURE_COMMAND=' '\''./configure'\''  '\''--enable-phalcon'\'''
CONFIGURE_OPTIONS=' '\''--enable-phalcon'\'''
CPP='gcc -E'
CPPFLAGS='-DPHALCON_RELEASE -DHAVE_CONFIG_H'
DEFS='-DHAVE_CONFIG_H'
DSYMUTIL='dsymutil'
ECHO='/bin/echo'
ECHO_C='\c'
ECHO_N=''
ECHO_T=''
EGREP='/usr/bin/grep -E'
EXEEXT=''
GENHTML=''
GREP='/usr/bin/grep'
LCOV=''
LDFLAGS=''
LIBOBJS=''
LIBS=''
LIBTOOL='$(SHELL) $(top_builddir)/libtool'
LN_S='ln -s'
LTLIBOBJS=''
NMEDIT='nmedit'
OBJEXT='o'
PACKAGE_BUGREPORT=''
PACKAGE_NAME=''
PACKAGE_STRING=''
PACKAGE_TARNAME=''
PACKAGE_URL=''
PACKAGE_VERSION=''
PATH_SEPARATOR=':'
RANLIB='ranlib'
RE2C='exit 0;'
SED='/usr/bin/sed'
SHELL='/bin/sh'
SHLIB_DL_SUFFIX_NAME='so'
SHLIB_SUFFIX_NAME='dylib'
STRIP='strip'
ac_ct_CC=''
bindir='${exec_prefix}/bin'
build='x86_64-apple-darwin17.7.0'
build_alias=''
build_cpu='x86_64'
build_os='darwin17.7.0'
build_vendor='apple'
datadir='${datarootdir}'
datarootdir='${prefix}/share'
docdir='${datarootdir}/doc/${PACKAGE}'
dvidir='${docdir}'
exec_prefix='$(prefix)'
host='x86_64-apple-darwin17.7.0'
host_alias='x86_64-apple-darwin17.7.0'
host_cpu='x86_64'
host_os='darwin17.7.0'
host_vendor='apple'
htmldir='${docdir}'
includedir='${prefix}/include'
infodir='${datarootdir}/info'
libdir='${exec_prefix}/lib'
libexecdir='${exec_prefix}/libexec'
localedir='${datarootdir}/locale'
localstatedir='${prefix}/var'
mandir='${datarootdir}/man'
oldincludedir='/usr/include'
pdfdir='${docdir}'
prefix='/usr/local/Cellar/php@7.1/7.1.18'
program_transform_name='s,x,x,'
psdir='${docdir}'
sbindir='${exec_prefix}/sbin'
sharedstatedir='${prefix}/com'
sysconfdir='${prefix}/etc'
target='x86_64-apple-darwin17.7.0'
target_alias=''
target_cpu='x86_64'
target_os='darwin17.7.0'
target_vendor='apple'

## ----------- ##
## confdefs.h. ##
## ----------- ##

/* confdefs.h */
#define PACKAGE_NAME ""
#define PACKAGE_TARNAME ""
#define PACKAGE_VERSION ""
#define PACKAGE_STRING ""
#define PACKAGE_BUGREPORT ""
#define PACKAGE_URL ""
#define PHALCON_NON_FREE 1
#define HAVE_PHALCON 1
#define COMPILE_DL_PHALCON 1
#define HAVE_EXT_PCRE_PHP_PCRE_H 1
#define PHALCON_USE_PHP_PCRE 1
#define HAVE_EXT_JSON_PHP_JSON_H 1
#define PHALCON_USE_PHP_JSON 1
#define HAVE_EXT_SESSION_PHP_SESSION_H 1
#define PHALCON_USE_PHP_SESSION 1
#define HAVE_EXT_HASH_PHP_HASH_H 1
#define PHALCON_USE_PHP_HASH 1
#define STDC_HEADERS 1
#define HAVE_SYS_TYPES_H 1
#define HAVE_SYS_STAT_H 1
#define HAVE_STDLIB_H 1
#define HAVE_STRING_H 1
#define HAVE_MEMORY_H 1
#define HAVE_STRINGS_H 1
#define HAVE_INTTYPES_H 1
#define HAVE_STDINT_H 1
#define HAVE_UNISTD_H 1
#define HAVE_DLFCN_H 1

configure: exit 0
